2020-09-30 17:47:17,010 root INFO /Users/gaofeihong/Downloads/nemo_ui_ios-dev/base/testcase.py  setup_class line:152     ############################### env: prod; TestLoginPage start ###############################
2020-09-30 17:47:54,592 root INFO /Users/gaofeihong/Downloads/nemo_ui_ios-dev/base/testcase.py  setup_method line:173  ############################### case: test_click_cm_login start ###############################
2020-09-30 17:48:15,290 root DEBUG /Users/gaofeihong/Downloads/nemo_ui_ios-dev/base/base_page.py  find_element line:65  定位的元素：('id', 'cn.codemao.android.kids.lite:id/tv_parent')
2020-09-30 17:48:27,991 root INFO /Users/gaofeihong/Downloads/nemo_ui_ios-dev/base/testcase.py  teardown_method line:180  ###############################  case: test_click_cm_login end  ###############################
2020-09-30 17:48:30,761 root INFO /Users/gaofeihong/Downloads/nemo_ui_ios-dev/base/testcase.py  teardown_class line:193  ############################### env: prod; TestLoginPage end ###############################
2020-09-30 17:58:39,281 root INFO /Users/gaofeihong/Downloads/nemo_ui_ios-dev/base/testcase.py  setup_class line:152     ############################### env: prod; TestLoginPage start ###############################
2020-09-30 17:58:39,283 root INFO /Users/gaofeihong/Downloads/nemo_ui_ios-dev/base/testcase.py  setup_method line:173  ############################### case: test_click_cm_login start ###############################
2020-09-30 17:58:39,365 root INFO /Users/gaofeihong/Downloads/nemo_ui_ios-dev/base/testcase.py  teardown_method line:180  ###############################  case: test_click_cm_login end  ###############################
2020-09-30 17:58:40,551 root INFO /Users/gaofeihong/Downloads/nemo_ui_ios-dev/base/testcase.py  teardown_class line:193  ############################### env: prod; TestLoginPage end ###############################
2020-09-30 18:03:43,365 root INFO /Users/gaofeihong/Downloads/nemo_ui_ios-dev/base/testcase.py  setup_class line:152     ############################### env: prod; TestLoginPage start ###############################
2020-09-30 18:03:43,366 root DEBUG /Users/gaofeihong/Downloads/nemo_ui_ios-dev/base/base_page.py  find_element line:65  定位的元素：('id', 'cn.codemao.android.kids.lite:id/tv_parent')
2020-09-30 18:04:37,114 root INFO /Users/gaofeihong/Downloads/nemo_ui_ios-dev/base/base_page.py  find_element line:73  获取元素 cn.codemao.android.kids.lite:id/tv_parent SUCCESS Spend 53.74775290489197 seconds
2020-09-30 18:04:37,115 root DEBUG /Users/gaofeihong/Downloads/nemo_ui_ios-dev/base/base_page.py  find_element line:74  获取到的元素：<appium.webdriver.webelement.WebElement (session="bb52ad2c-467e-45ef-9670-ae3314001738", element="bf7be43c-03cd-46a8-90f9-ced64486f5d4")>
2020-09-30 18:04:39,849 root INFO /Users/gaofeihong/Downloads/nemo_ui_ios-dev/base/base_page.py  click line:359  点击  cn.codemao.android.kids.lite:id/tv_parent  Spend 56.483248233795166 seconds
2020-09-30 18:04:40,354 root DEBUG /Users/gaofeihong/Downloads/nemo_ui_ios-dev/base/base_page.py  find_element line:65  定位的元素：('id', 'cn.codemao.android.kids.lite:id/tv_login')
2020-09-30 18:04:40,546 root INFO /Users/gaofeihong/Downloads/nemo_ui_ios-dev/base/base_page.py  find_element line:73  获取元素 cn.codemao.android.kids.lite:id/tv_login SUCCESS Spend 0.19148683547973633 seconds
2020-09-30 18:04:40,546 root DEBUG /Users/gaofeihong/Downloads/nemo_ui_ios-dev/base/base_page.py  find_element line:74  获取到的元素：<appium.webdriver.webelement.WebElement (session="bb52ad2c-467e-45ef-9670-ae3314001738", element="755be99c-3569-41c7-b890-e73a22509b24")>
2020-09-30 18:04:40,644 root INFO /Users/gaofeihong/Downloads/nemo_ui_ios-dev/base/base_page.py  click line:359  点击  cn.codemao.android.kids.lite:id/tv_login  Spend 0.2895548343658447 seconds
2020-09-30 18:04:41,148 root INFO /Users/gaofeihong/Downloads/nemo_ui_ios-dev/base/testcase.py  setup_method line:173  ############################### case: test_click_cm_login start ###############################
2020-09-30 18:04:41,236 root INFO /Users/gaofeihong/Downloads/nemo_ui_ios-dev/base/testcase.py  teardown_method line:180  ###############################  case: test_click_cm_login end  ###############################
2020-09-30 18:04:42,563 root INFO /Users/gaofeihong/Downloads/nemo_ui_ios-dev/base/testcase.py  teardown_class line:193  ############################### env: prod; TestLoginPage end ###############################
2020-09-30 18:05:20,728 root INFO /Users/gaofeihong/Downloads/nemo_ui_ios-dev/base/testcase.py  setup_class line:152     ############################### env: prod; TestLoginPage start ###############################
2020-09-30 18:05:20,729 root DEBUG /Users/gaofeihong/Downloads/nemo_ui_ios-dev/base/base_page.py  find_element line:65  定位的元素：('id', 'cn.codemao.android.kids.lite:id/tv_parent')
2020-09-30 18:06:04,521 root INFO /Users/gaofeihong/Downloads/nemo_ui_ios-dev/base/base_page.py  find_element line:73  获取元素 cn.codemao.android.kids.lite:id/tv_parent SUCCESS Spend 43.79189205169678 seconds
2020-09-30 18:06:04,522 root DEBUG /Users/gaofeihong/Downloads/nemo_ui_ios-dev/base/base_page.py  find_element line:74  获取到的元素：<appium.webdriver.webelement.WebElement (session="a75861b8-d053-4f03-ad5a-9d25d3270bb7", element="8b0db2f0-e402-438f-8030-2fd577ac8d37")>
2020-09-30 18:06:25,418 root INFO /Users/gaofeihong/Downloads/nemo_ui_ios-dev/base/base_page.py  click line:359  点击  cn.codemao.android.kids.lite:id/tv_parent  Spend 64.68825697898865 seconds
2020-09-30 18:06:25,922 root DEBUG /Users/gaofeihong/Downloads/nemo_ui_ios-dev/base/base_page.py  find_element line:65  定位的元素：('id', 'cn.codemao.android.kids.lite:id/tv_login')
2020-09-30 18:06:26,096 root INFO /Users/gaofeihong/Downloads/nemo_ui_ios-dev/base/base_page.py  find_element line:73  获取元素 cn.codemao.android.kids.lite:id/tv_login SUCCESS Spend 0.1734631061553955 seconds
2020-09-30 18:06:26,096 root DEBUG /Users/gaofeihong/Downloads/nemo_ui_ios-dev/base/base_page.py  find_element line:74  获取到的元素：<appium.webdriver.webelement.WebElement (session="a75861b8-d053-4f03-ad5a-9d25d3270bb7", element="ab26fd19-e34d-4a46-9ae1-db11dcdd976c")>
2020-09-30 18:06:26,178 root INFO /Users/gaofeihong/Downloads/nemo_ui_ios-dev/base/base_page.py  click line:359  点击  cn.codemao.android.kids.lite:id/tv_login  Spend 0.2556159496307373 seconds
2020-09-30 18:06:26,683 root INFO /Users/gaofeihong/Downloads/nemo_ui_ios-dev/base/testcase.py  setup_method line:173  ############################### case: test_click_cm_login start ###############################
2020-09-30 18:06:26,768 root INFO /Users/gaofeihong/Downloads/nemo_ui_ios-dev/base/testcase.py  teardown_method line:180  ###############################  case: test_click_cm_login end  ###############################
2020-09-30 18:06:28,051 root INFO /Users/gaofeihong/Downloads/nemo_ui_ios-dev/base/testcase.py  teardown_class line:193  ############################### env: prod; TestLoginPage end ###############################
